

*******************************************************************************
Wed Apr 24 09:29:54 2013


FIT:    data read from 'data.txt' using 1:2
        format = x:z
        #datapoints = 13709
        residuals are weighted equally (unit weight)

function used for fitting: f(x)
fitted parameters initialized with current variable values



 Iteration 0
 WSSR        : 8.59233e+11       delta(WSSR)/WSSR   : 0
 delta(WSSR) : 0                 limit for stopping : 1e-05
 lambda	  : 5596.37

initial set of free parameter values

a               = 1
b               = 1

After 5 iterations the fit converged.
final sum of squares of residuals : 9.68117e+08
rel. change during last iteration : -5.8097e-07

degrees of freedom    (FIT_NDF)                        : 13707
rms of residuals      (FIT_STDFIT) = sqrt(WSSR/ndf)    : 265.762
variance of residuals (reduced chisquare) = WSSR/ndf   : 70629.4

Final set of parameters            Asymptotic Standard Error
=======================            ==========================

a               = -0.0100864       +/- 0.0005736    (5.686%)
b               = 95.7351          +/- 4.539        (4.742%)


correlation matrix of the fit parameters:

               a      b      
a               1.000 
b              -0.866  1.000 


*******************************************************************************
Wed Apr 24 09:42:23 2013


FIT:    data read from 'data.txt' using 1:2
        format = x:z
        #datapoints = 13709
        residuals are weighted equally (unit weight)

function used for fitting: f(x)
fitted parameters initialized with current variable values



 Iteration 0
 WSSR        : 8.59233e+11       delta(WSSR)/WSSR   : 0
 delta(WSSR) : 0                 limit for stopping : 1e-05
 lambda	  : 5596.37

initial set of free parameter values

a               = 1
b               = 1

After 5 iterations the fit converged.
final sum of squares of residuals : 9.68117e+08
rel. change during last iteration : -5.8097e-07

degrees of freedom    (FIT_NDF)                        : 13707
rms of residuals      (FIT_STDFIT) = sqrt(WSSR/ndf)    : 265.762
variance of residuals (reduced chisquare) = WSSR/ndf   : 70629.4

Final set of parameters            Asymptotic Standard Error
=======================            ==========================

a               = -0.0100864       +/- 0.0005736    (5.686%)
b               = 95.7351          +/- 4.539        (4.742%)


correlation matrix of the fit parameters:

               a      b      
a               1.000 
b              -0.866  1.000 


*******************************************************************************
Wed Apr 24 09:44:42 2013


FIT:    data read from 'data.txt' using 1:2
        format = x:z
        #datapoints = 13709
        residuals are weighted equally (unit weight)

function used for fitting: f(x)
fitted parameters initialized with current variable values



 Iteration 0
 WSSR        : 8.59233e+11       delta(WSSR)/WSSR   : 0
 delta(WSSR) : 0                 limit for stopping : 1e-05
 lambda	  : 5596.37

initial set of free parameter values

a               = 1
b               = 1

After 5 iterations the fit converged.
final sum of squares of residuals : 9.68117e+08
rel. change during last iteration : -5.8097e-07

degrees of freedom    (FIT_NDF)                        : 13707
rms of residuals      (FIT_STDFIT) = sqrt(WSSR/ndf)    : 265.762
variance of residuals (reduced chisquare) = WSSR/ndf   : 70629.4

Final set of parameters            Asymptotic Standard Error
=======================            ==========================

a               = -0.0100864       +/- 0.0005736    (5.686%)
b               = 95.7351          +/- 4.539        (4.742%)


correlation matrix of the fit parameters:

               a      b      
a               1.000 
b              -0.866  1.000 


*******************************************************************************
Wed Apr 24 09:45:13 2013


FIT:    data read from 'data.txt' using 1:2
        format = x:z
        #datapoints = 13709
        residuals are weighted equally (unit weight)

function used for fitting: f(x)
fitted parameters initialized with current variable values



 Iteration 0
 WSSR        : 8.59233e+11       delta(WSSR)/WSSR   : 0
 delta(WSSR) : 0                 limit for stopping : 1e-05
 lambda	  : 5596.37

initial set of free parameter values

a               = 1
b               = 1

After 5 iterations the fit converged.
final sum of squares of residuals : 9.68117e+08
rel. change during last iteration : -5.8097e-07

degrees of freedom    (FIT_NDF)                        : 13707
rms of residuals      (FIT_STDFIT) = sqrt(WSSR/ndf)    : 265.762
variance of residuals (reduced chisquare) = WSSR/ndf   : 70629.4

Final set of parameters            Asymptotic Standard Error
=======================            ==========================

a               = -0.0100864       +/- 0.0005736    (5.686%)
b               = 95.7351          +/- 4.539        (4.742%)


correlation matrix of the fit parameters:

               a      b      
a               1.000 
b              -0.866  1.000 


*******************************************************************************
Wed Apr 24 09:45:39 2013


FIT:    data read from 'data.txt' using 1:2
        format = x:z
        #datapoints = 13709
        residuals are weighted equally (unit weight)

function used for fitting: f(x)
fitted parameters initialized with current variable values



 Iteration 0
 WSSR        : 8.59233e+11       delta(WSSR)/WSSR   : 0
 delta(WSSR) : 0                 limit for stopping : 1e-05
 lambda	  : 5596.37

initial set of free parameter values

a               = 1
b               = 1

After 5 iterations the fit converged.
final sum of squares of residuals : 9.68117e+08
rel. change during last iteration : -5.8097e-07

degrees of freedom    (FIT_NDF)                        : 13707
rms of residuals      (FIT_STDFIT) = sqrt(WSSR/ndf)    : 265.762
variance of residuals (reduced chisquare) = WSSR/ndf   : 70629.4

Final set of parameters            Asymptotic Standard Error
=======================            ==========================

a               = -0.0100864       +/- 0.0005736    (5.686%)
b               = 95.7351          +/- 4.539        (4.742%)


correlation matrix of the fit parameters:

               a      b      
a               1.000 
b              -0.866  1.000 


*******************************************************************************
Wed Apr 24 09:45:47 2013


FIT:    data read from 'data.txt' using 1:2
        format = x:z
        #datapoints = 13709
        residuals are weighted equally (unit weight)

function used for fitting: f(x)
fitted parameters initialized with current variable values



 Iteration 0
 WSSR        : 8.59233e+11       delta(WSSR)/WSSR   : 0
 delta(WSSR) : 0                 limit for stopping : 1e-05
 lambda	  : 5596.37

initial set of free parameter values

a               = 1
b               = 1

After 5 iterations the fit converged.
final sum of squares of residuals : 9.68117e+08
rel. change during last iteration : -5.8097e-07

degrees of freedom    (FIT_NDF)                        : 13707
rms of residuals      (FIT_STDFIT) = sqrt(WSSR/ndf)    : 265.762
variance of residuals (reduced chisquare) = WSSR/ndf   : 70629.4

Final set of parameters            Asymptotic Standard Error
=======================            ==========================

a               = -0.0100864       +/- 0.0005736    (5.686%)
b               = 95.7351          +/- 4.539        (4.742%)


correlation matrix of the fit parameters:

               a      b      
a               1.000 
b              -0.866  1.000 


*******************************************************************************
Wed Apr 24 09:48:09 2013


FIT:    data read from 'data.txt' using 1:2
        format = x:z
        #datapoints = 13709
        residuals are weighted equally (unit weight)

function used for fitting: f(x)
fitted parameters initialized with current variable values



 Iteration 0
 WSSR        : 8.59233e+11       delta(WSSR)/WSSR   : 0
 delta(WSSR) : 0                 limit for stopping : 1e-05
 lambda	  : 5596.37

initial set of free parameter values

a               = 1
b               = 1

After 5 iterations the fit converged.
final sum of squares of residuals : 9.68117e+08
rel. change during last iteration : -5.8097e-07

degrees of freedom    (FIT_NDF)                        : 13707
rms of residuals      (FIT_STDFIT) = sqrt(WSSR/ndf)    : 265.762
variance of residuals (reduced chisquare) = WSSR/ndf   : 70629.4

Final set of parameters            Asymptotic Standard Error
=======================            ==========================

a               = -0.0100864       +/- 0.0005736    (5.686%)
b               = 95.7351          +/- 4.539        (4.742%)


correlation matrix of the fit parameters:

               a      b      
a               1.000 
b              -0.866  1.000 


*******************************************************************************
Wed Apr 24 09:49:23 2013


FIT:    data read from 'data.txt' using 1:2
        format = x:z
        #datapoints = 13709
        residuals are weighted equally (unit weight)

function used for fitting: f(x)
fitted parameters initialized with current variable values



 Iteration 0
 WSSR        : 8.59233e+11       delta(WSSR)/WSSR   : 0
 delta(WSSR) : 0                 limit for stopping : 1e-05
 lambda	  : 5596.37

initial set of free parameter values

a               = 1
b               = 1

After 5 iterations the fit converged.
final sum of squares of residuals : 9.68117e+08
rel. change during last iteration : -5.8097e-07

degrees of freedom    (FIT_NDF)                        : 13707
rms of residuals      (FIT_STDFIT) = sqrt(WSSR/ndf)    : 265.762
variance of residuals (reduced chisquare) = WSSR/ndf   : 70629.4

Final set of parameters            Asymptotic Standard Error
=======================            ==========================

a               = -0.0100864       +/- 0.0005736    (5.686%)
b               = 95.7351          +/- 4.539        (4.742%)


correlation matrix of the fit parameters:

               a      b      
a               1.000 
b              -0.866  1.000 


*******************************************************************************
Wed Apr 24 09:51:58 2013


FIT:    data read from 'data.txt' using 1:2
        format = x:z
        #datapoints = 13709
        residuals are weighted equally (unit weight)

function used for fitting: f(x)
fitted parameters initialized with current variable values



 Iteration 0
 WSSR        : 8.59233e+11       delta(WSSR)/WSSR   : 0
 delta(WSSR) : 0                 limit for stopping : 1e-05
 lambda	  : 5596.37

initial set of free parameter values

a               = 1
b               = 1

After 5 iterations the fit converged.
final sum of squares of residuals : 9.68117e+08
rel. change during last iteration : -5.8097e-07

degrees of freedom    (FIT_NDF)                        : 13707
rms of residuals      (FIT_STDFIT) = sqrt(WSSR/ndf)    : 265.762
variance of residuals (reduced chisquare) = WSSR/ndf   : 70629.4

Final set of parameters            Asymptotic Standard Error
=======================            ==========================

a               = -0.0100864       +/- 0.0005736    (5.686%)
b               = 95.7351          +/- 4.539        (4.742%)


correlation matrix of the fit parameters:

               a      b      
a               1.000 
b              -0.866  1.000 


*******************************************************************************
Wed Apr 24 09:52:08 2013


FIT:    data read from 'data.txt' using 1:2
        format = x:z
        #datapoints = 13709
        residuals are weighted equally (unit weight)

function used for fitting: f(x)
fitted parameters initialized with current variable values



 Iteration 0
 WSSR        : 8.59233e+11       delta(WSSR)/WSSR   : 0
 delta(WSSR) : 0                 limit for stopping : 1e-05
 lambda	  : 5596.37

initial set of free parameter values

a               = 1
b               = 1

After 5 iterations the fit converged.
final sum of squares of residuals : 9.68117e+08
rel. change during last iteration : -5.8097e-07

degrees of freedom    (FIT_NDF)                        : 13707
rms of residuals      (FIT_STDFIT) = sqrt(WSSR/ndf)    : 265.762
variance of residuals (reduced chisquare) = WSSR/ndf   : 70629.4

Final set of parameters            Asymptotic Standard Error
=======================            ==========================

a               = -0.0100864       +/- 0.0005736    (5.686%)
b               = 95.7351          +/- 4.539        (4.742%)


correlation matrix of the fit parameters:

               a      b      
a               1.000 
b              -0.866  1.000 


*******************************************************************************
Wed Apr 24 09:52:47 2013


FIT:    data read from 'data.txt' using 1:2
        format = x:z
        #datapoints = 13709
        residuals are weighted equally (unit weight)

function used for fitting: f(x)
fitted parameters initialized with current variable values



 Iteration 0
 WSSR        : 8.59233e+11       delta(WSSR)/WSSR   : 0
 delta(WSSR) : 0                 limit for stopping : 1e-05
 lambda	  : 5596.37

initial set of free parameter values

a               = 1
b               = 1

After 5 iterations the fit converged.
final sum of squares of residuals : 9.68117e+08
rel. change during last iteration : -5.8097e-07

degrees of freedom    (FIT_NDF)                        : 13707
rms of residuals      (FIT_STDFIT) = sqrt(WSSR/ndf)    : 265.762
variance of residuals (reduced chisquare) = WSSR/ndf   : 70629.4

Final set of parameters            Asymptotic Standard Error
=======================            ==========================

a               = -0.0100864       +/- 0.0005736    (5.686%)
b               = 95.7351          +/- 4.539        (4.742%)


correlation matrix of the fit parameters:

               a      b      
a               1.000 
b              -0.866  1.000 


*******************************************************************************
Wed Apr 24 09:55:50 2013


FIT:    data read from 'data.txt' using 1:2
        format = x:z
        #datapoints = 13709
        residuals are weighted equally (unit weight)

function used for fitting: f(x)
fitted parameters initialized with current variable values



 Iteration 0
 WSSR        : 8.59233e+11       delta(WSSR)/WSSR   : 0
 delta(WSSR) : 0                 limit for stopping : 1e-05
 lambda	  : 5596.37

initial set of free parameter values

a               = 1
b               = 1

After 5 iterations the fit converged.
final sum of squares of residuals : 9.68117e+08
rel. change during last iteration : -5.8097e-07

degrees of freedom    (FIT_NDF)                        : 13707
rms of residuals      (FIT_STDFIT) = sqrt(WSSR/ndf)    : 265.762
variance of residuals (reduced chisquare) = WSSR/ndf   : 70629.4

Final set of parameters            Asymptotic Standard Error
=======================            ==========================

a               = -0.0100864       +/- 0.0005736    (5.686%)
b               = 95.7351          +/- 4.539        (4.742%)


correlation matrix of the fit parameters:

               a      b      
a               1.000 
b              -0.866  1.000 


*******************************************************************************
Wed Apr 24 09:56:42 2013


FIT:    data read from 'data.txt' using 1:2
        format = x:z
        #datapoints = 13709
        residuals are weighted equally (unit weight)

function used for fitting: f(x)
fitted parameters initialized with current variable values



 Iteration 0
 WSSR        : 8.59233e+11       delta(WSSR)/WSSR   : 0
 delta(WSSR) : 0                 limit for stopping : 1e-05
 lambda	  : 5596.37

initial set of free parameter values

a               = 1
b               = 1

After 5 iterations the fit converged.
final sum of squares of residuals : 9.68117e+08
rel. change during last iteration : -5.8097e-07

degrees of freedom    (FIT_NDF)                        : 13707
rms of residuals      (FIT_STDFIT) = sqrt(WSSR/ndf)    : 265.762
variance of residuals (reduced chisquare) = WSSR/ndf   : 70629.4

Final set of parameters            Asymptotic Standard Error
=======================            ==========================

a               = -0.0100864       +/- 0.0005736    (5.686%)
b               = 95.7351          +/- 4.539        (4.742%)


correlation matrix of the fit parameters:

               a      b      
a               1.000 
b              -0.866  1.000 


*******************************************************************************
Wed Apr 24 09:57:00 2013


FIT:    data read from 'data.txt' using 1:2
        format = x:z
        #datapoints = 13709
        residuals are weighted equally (unit weight)

function used for fitting: f(x)
fitted parameters initialized with current variable values



 Iteration 0
 WSSR        : 8.59233e+11       delta(WSSR)/WSSR   : 0
 delta(WSSR) : 0                 limit for stopping : 1e-05
 lambda	  : 5596.37

initial set of free parameter values

a               = 1
b               = 1

After 5 iterations the fit converged.
final sum of squares of residuals : 9.68117e+08
rel. change during last iteration : -5.8097e-07

degrees of freedom    (FIT_NDF)                        : 13707
rms of residuals      (FIT_STDFIT) = sqrt(WSSR/ndf)    : 265.762
variance of residuals (reduced chisquare) = WSSR/ndf   : 70629.4

Final set of parameters            Asymptotic Standard Error
=======================            ==========================

a               = -0.0100864       +/- 0.0005736    (5.686%)
b               = 95.7351          +/- 4.539        (4.742%)


correlation matrix of the fit parameters:

               a      b      
a               1.000 
b              -0.866  1.000 


*******************************************************************************
Wed Apr 24 09:57:15 2013


FIT:    data read from 'data.txt' using 1:2
        format = x:z
        #datapoints = 13709
        residuals are weighted equally (unit weight)

function used for fitting: f(x)
fitted parameters initialized with current variable values



 Iteration 0
 WSSR        : 8.59233e+11       delta(WSSR)/WSSR   : 0
 delta(WSSR) : 0                 limit for stopping : 1e-05
 lambda	  : 5596.37

initial set of free parameter values

a               = 1
b               = 1

After 5 iterations the fit converged.
final sum of squares of residuals : 9.68117e+08
rel. change during last iteration : -5.8097e-07

degrees of freedom    (FIT_NDF)                        : 13707
rms of residuals      (FIT_STDFIT) = sqrt(WSSR/ndf)    : 265.762
variance of residuals (reduced chisquare) = WSSR/ndf   : 70629.4

Final set of parameters            Asymptotic Standard Error
=======================            ==========================

a               = -0.0100864       +/- 0.0005736    (5.686%)
b               = 95.7351          +/- 4.539        (4.742%)


correlation matrix of the fit parameters:

               a      b      
a               1.000 
b              -0.866  1.000 


*******************************************************************************
Wed Apr 24 09:57:53 2013


FIT:    data read from 'data.txt' using 1:2
        format = x:z
        #datapoints = 13709
        residuals are weighted equally (unit weight)

function used for fitting: f(x)
fitted parameters initialized with current variable values



 Iteration 0
 WSSR        : 8.59233e+11       delta(WSSR)/WSSR   : 0
 delta(WSSR) : 0                 limit for stopping : 1e-05
 lambda	  : 5596.37

initial set of free parameter values

a               = 1
b               = 1

After 5 iterations the fit converged.
final sum of squares of residuals : 9.68117e+08
rel. change during last iteration : -5.8097e-07

degrees of freedom    (FIT_NDF)                        : 13707
rms of residuals      (FIT_STDFIT) = sqrt(WSSR/ndf)    : 265.762
variance of residuals (reduced chisquare) = WSSR/ndf   : 70629.4

Final set of parameters            Asymptotic Standard Error
=======================            ==========================

a               = -0.0100864       +/- 0.0005736    (5.686%)
b               = 95.7351          +/- 4.539        (4.742%)


correlation matrix of the fit parameters:

               a      b      
a               1.000 
b              -0.866  1.000 


*******************************************************************************
Wed Apr 24 09:59:42 2013


FIT:    data read from 'data.txt' using 1:2
        format = x:z
        #datapoints = 13709
        residuals are weighted equally (unit weight)

function used for fitting: f(x)
fitted parameters initialized with current variable values



*******************************************************************************
Wed Apr 24 10:01:21 2013


FIT:    data read from 'data.txt' using 1:2
        format = x:z
        #datapoints = 13709
        residuals are weighted equally (unit weight)

function used for fitting: f(x)
fitted parameters initialized with current variable values



 Iteration 0
 WSSR        : 9.99585e+08       delta(WSSR)/WSSR   : 0
 delta(WSSR) : 0                 limit for stopping : 1e-05
 lambda	  : 0

initial set of free parameter values

a               = 1
b               = 1
BREAK:          Singular matrix in Givens()



*******************************************************************************
Wed Apr 24 10:01:56 2013


FIT:    data read from 'data.txt' using 1:2
        format = x:z
        #datapoints = 13709
        residuals are weighted equally (unit weight)

function used for fitting: f(x)
fitted parameters initialized with current variable values



 Iteration 0
 WSSR        : 9.99585e+08       delta(WSSR)/WSSR   : 0
 delta(WSSR) : 0                 limit for stopping : 1e-05
 lambda	  : 0.0106906

initial set of free parameter values

B               = 1
d               = 1
P               = 1
BREAK:          Undefined value during function evaluation



*******************************************************************************
Wed Apr 24 10:02:18 2013


FIT:    data read from 'data.txt' using 1:2
        format = x:z
        #datapoints = 13709
        residuals are weighted equally (unit weight)

function used for fitting: f(x)
fitted parameters initialized with current variable values



 Iteration 0
 WSSR        : 9.99585e+08       delta(WSSR)/WSSR   : 0
 delta(WSSR) : 0                 limit for stopping : 1e-05
 lambda	  : 0.0106906

initial set of free parameter values

B               = 1
d               = 1
P               = 1
BREAK:          Undefined value during function evaluation



*******************************************************************************
Wed Apr 24 10:02:58 2013


FIT:    data read from 'data.txt' using 1:2
        format = x:z
        #datapoints = 13709
        residuals are weighted equally (unit weight)

function used for fitting: f(x)
fitted parameters initialized with current variable values



 Iteration 0
 WSSR        : 9.99585e+08       delta(WSSR)/WSSR   : 0
 delta(WSSR) : 0                 limit for stopping : 1e-05
 lambda	  : 0.0106906

initial set of free parameter values

B               = 1
d               = 1
P               = 1
BREAK:          Undefined value during function evaluation



*******************************************************************************
Wed Apr 24 10:03:11 2013


FIT:    data read from 'data.txt' using 1:2
        format = x:z
        #datapoints = 13709
        residuals are weighted equally (unit weight)

function used for fitting: f(x)
fitted parameters initialized with current variable values



 Iteration 0
 WSSR        : 9.99585e+08       delta(WSSR)/WSSR   : 0
 delta(WSSR) : 0                 limit for stopping : 1e-05
 lambda	  : 0.0106906

initial set of free parameter values

B               = 1
d               = 1
P               = 1
BREAK:          Undefined value during function evaluation



*******************************************************************************
Wed Apr 24 10:03:51 2013


FIT:    data read from 'data.txt' using 1:2
        format = x:z
        #datapoints = 13709
        residuals are weighted equally (unit weight)

function used for fitting: f(x)
fitted parameters initialized with current variable values



 Iteration 0
 WSSR        : 9.99585e+08       delta(WSSR)/WSSR   : 0
 delta(WSSR) : 0                 limit for stopping : 1e-05
 lambda	  : 0.0106906

initial set of free parameter values

B               = 1
d               = 1
P               = 1
BREAK:          Undefined value during function evaluation



*******************************************************************************
Wed Apr 24 10:05:12 2013


FIT:    data read from 'data.txt' using 1:2
        format = x:z
        #datapoints = 13709
        residuals are weighted equally (unit weight)

function used for fitting: f(x)
fitted parameters initialized with current variable values



 Iteration 0
 WSSR        : 9.99585e+08       delta(WSSR)/WSSR   : 0
 delta(WSSR) : 0                 limit for stopping : 1e-05
 lambda	  : 0.00747525

initial set of free parameter values

b               = 1
d               = 1
p               = 1
BREAK:          Undefined value during function evaluation



*******************************************************************************
Wed Apr 24 10:06:33 2013


FIT:    data read from 'data.txt' using 1:2
        format = x:z
        #datapoints = 13709
        residuals are weighted equally (unit weight)

function used for fitting: f(x)
fitted parameters initialized with current variable values



 Iteration 0
 WSSR        : 9.99585e+08       delta(WSSR)/WSSR   : 0
 delta(WSSR) : 0                 limit for stopping : 1e-05
 lambda	  : 0.00747525

initial set of free parameter values

b               = 1
d               = 1
p               = 1
BREAK:          Undefined value during function evaluation



*******************************************************************************
Wed Apr 24 10:07:06 2013


FIT:    data read from 'data.txt' using 1:2
        format = x:z
        #datapoints = 13709
        residuals are weighted equally (unit weight)

function used for fitting: f(x)
fitted parameters initialized with current variable values



 Iteration 0
 WSSR        : 9.99585e+08       delta(WSSR)/WSSR   : 0
 delta(WSSR) : 0                 limit for stopping : 1e-05
 lambda	  : 0.00747525

initial set of free parameter values

b               = 1
d               = 1
p               = 1
BREAK:          Undefined value during function evaluation



*******************************************************************************
Wed Apr 24 10:08:21 2013


FIT:    data read from 'data.txt' using 1:2
        format = x:z
        #datapoints = 13709
        residuals are weighted equally (unit weight)

function used for fitting: f(x)
fitted parameters initialized with current variable values



 Iteration 0
 WSSR        : 9.99585e+08       delta(WSSR)/WSSR   : 0
 delta(WSSR) : 0                 limit for stopping : 1e-05
 lambda	  : 0.00747525

initial set of free parameter values

b               = 1
d               = 1
p               = 1

After 1 iterations the fit converged.
final sum of squares of residuals : 9.9958e+08
rel. change during last iteration : -5.05363e-06

degrees of freedom    (FIT_NDF)                        : 13706
rms of residuals      (FIT_STDFIT) = sqrt(WSSR/ndf)    : 270.056
variance of residuals (reduced chisquare) = WSSR/ndf   : 72930.1

BREAK:          Singular matrix in Invert_RtR



*******************************************************************************
Wed Apr 24 10:08:41 2013


FIT:    data read from 'data.txt' using 1:2
        format = x:z
        #datapoints = 13709
        residuals are weighted equally (unit weight)

function used for fitting: f(x)
fitted parameters initialized with current variable values



 Iteration 0
 WSSR        : 9.99585e+08       delta(WSSR)/WSSR   : 0
 delta(WSSR) : 0                 limit for stopping : 1e-05
 lambda	  : 0.00747525

initial set of free parameter values

b               = 1
d               = 1
p               = 1

After 1 iterations the fit converged.
final sum of squares of residuals : 9.9958e+08
rel. change during last iteration : -5.05363e-06

degrees of freedom    (FIT_NDF)                        : 13706
rms of residuals      (FIT_STDFIT) = sqrt(WSSR/ndf)    : 270.056
variance of residuals (reduced chisquare) = WSSR/ndf   : 72930.1

BREAK:          Singular matrix in Invert_RtR



*******************************************************************************
Wed Apr 24 10:09:12 2013


FIT:    data read from 'data.txt' using 1:2
        format = x:z
        #datapoints = 13709
        residuals are weighted equally (unit weight)

function used for fitting: f(x)
fitted parameters initialized with current variable values



 Iteration 0
 WSSR        : 9.99452e+08       delta(WSSR)/WSSR   : 0
 delta(WSSR) : 0                 limit for stopping : 1e-05
 lambda	  : 0.0203218

initial set of free parameter values

b               = 1
d               = 1
p               = 1
BREAK:          Undefined value during function evaluation



*******************************************************************************
Wed Apr 24 10:10:00 2013


FIT:    data read from 'data.txt' using 1:2
        format = x:z
        #datapoints = 13709
        residuals are weighted equally (unit weight)

function used for fitting: f(x)
fitted parameters initialized with current variable values



 Iteration 0
 WSSR        : 1.00405e+09       delta(WSSR)/WSSR   : 0
 delta(WSSR) : 0                 limit for stopping : 1e-05
 lambda	  : 4.98971

initial set of free parameter values

b               = 1
d               = 1
p               = 1

After 14 iterations the fit converged.
final sum of squares of residuals : 9.90165e+08
rel. change during last iteration : -9.838e-06

degrees of freedom    (FIT_NDF)                        : 13706
rms of residuals      (FIT_STDFIT) = sqrt(WSSR/ndf)    : 268.781
variance of residuals (reduced chisquare) = WSSR/ndf   : 72243.1

Final set of parameters            Asymptotic Standard Error
=======================            ==========================

b               = -1.60817         +/- 436.5        (2.714e+04%)
d               = 29996.7          +/- 9.835e+06    (3.279e+04%)
p               = 10352.5          +/- 5.2e+07      (5.023e+05%)


correlation matrix of the fit parameters:

               b      d      p      
b               1.000 
d              -0.999  1.000 
p               1.000 -0.999  1.000 


*******************************************************************************
Wed Apr 24 10:10:31 2013


FIT:    data read from 'data.txt' using 1:2
        format = x:z
        #datapoints = 13709
        residuals are weighted equally (unit weight)

function used for fitting: f(x)
fitted parameters initialized with current variable values



 Iteration 0
 WSSR        : 9.99585e+08       delta(WSSR)/WSSR   : 0
 delta(WSSR) : 0                 limit for stopping : 1e-05
 lambda	  : 0.0106906

initial set of free parameter values

b               = 1
d               = 1
p               = 1
BREAK:          Undefined value during function evaluation



*******************************************************************************
Wed Apr 24 10:11:18 2013


FIT:    data read from 'data.txt' using 1:2
        format = x:z
        #datapoints = 13709
        residuals are weighted equally (unit weight)

function used for fitting: f(x)
fitted parameters initialized with current variable values



 Iteration 0
 WSSR        : 1.00405e+09       delta(WSSR)/WSSR   : 0
 delta(WSSR) : 0                 limit for stopping : 1e-05
 lambda	  : 4.98971

initial set of free parameter values

b               = 1
d               = 1
p               = 1

After 14 iterations the fit converged.
final sum of squares of residuals : 9.90165e+08
rel. change during last iteration : -9.838e-06

degrees of freedom    (FIT_NDF)                        : 13706
rms of residuals      (FIT_STDFIT) = sqrt(WSSR/ndf)    : 268.781
variance of residuals (reduced chisquare) = WSSR/ndf   : 72243.1

Final set of parameters            Asymptotic Standard Error
=======================            ==========================

b               = -1.60817         +/- 436.5        (2.714e+04%)
d               = 29996.7          +/- 9.835e+06    (3.279e+04%)
p               = 10352.5          +/- 5.2e+07      (5.023e+05%)


correlation matrix of the fit parameters:

               b      d      p      
b               1.000 
d              -0.999  1.000 
p               1.000 -0.999  1.000 


*******************************************************************************
Wed Apr 24 10:12:05 2013


FIT:    data read from 'data.txt' using 1:2
        format = x:z
        #datapoints = 13709
        residuals are weighted equally (unit weight)

function used for fitting: f(x)
fitted parameters initialized with current variable values



 Iteration 0
 WSSR        : 1.00405e+09       delta(WSSR)/WSSR   : 0
 delta(WSSR) : 0                 limit for stopping : 1e-05
 lambda	  : 4.98971

initial set of free parameter values

b               = 1
d               = 1
p               = 1

After 14 iterations the fit converged.
final sum of squares of residuals : 9.90165e+08
rel. change during last iteration : -9.838e-06

degrees of freedom    (FIT_NDF)                        : 13706
rms of residuals      (FIT_STDFIT) = sqrt(WSSR/ndf)    : 268.781
variance of residuals (reduced chisquare) = WSSR/ndf   : 72243.1

Final set of parameters            Asymptotic Standard Error
=======================            ==========================

b               = -1.60817         +/- 436.5        (2.714e+04%)
d               = 29996.7          +/- 9.835e+06    (3.279e+04%)
p               = 10352.5          +/- 5.2e+07      (5.023e+05%)


correlation matrix of the fit parameters:

               b      d      p      
b               1.000 
d              -0.999  1.000 
p               1.000 -0.999  1.000 


*******************************************************************************
Wed Apr 24 10:13:25 2013


FIT:    data read from 'data.txt' using 1:2
        format = x:z
        #datapoints = 13709
        residuals are weighted equally (unit weight)

function used for fitting: f(x)
fitted parameters initialized with current variable values



 Iteration 0
 WSSR        : 8.59233e+11       delta(WSSR)/WSSR   : 0
 delta(WSSR) : 0                 limit for stopping : 1e-05
 lambda	  : 42477

initial set of free parameter values

b               = 1
d               = 1
p               = 1
BREAK:          Undefined value during function evaluation



*******************************************************************************
Wed Apr 24 10:16:04 2013


FIT:    data read from 'data.txt' using 1:(log($2))
        format = x:z
        #datapoints = 13709
        residuals are weighted equally (unit weight)

function used for fitting: f(x)
fitted parameters initialized with current variable values



 Iteration 0
 WSSR        : 1.36938e+06       delta(WSSR)/WSSR   : 0
 delta(WSSR) : 0                 limit for stopping : 1e-05
 lambda	  : 4.98971

initial set of free parameter values

b               = 1
d               = 1
p               = 1

After 13 iterations the fit converged.
final sum of squares of residuals : 486.096
rel. change during last iteration : -9.62374e-06

degrees of freedom    (FIT_NDF)                        : 13706
rms of residuals      (FIT_STDFIT) = sqrt(WSSR/ndf)    : 0.188324
variance of residuals (reduced chisquare) = WSSR/ndf   : 0.0354659

Final set of parameters            Asymptotic Standard Error
=======================            ==========================

b               = 1.74908          +/- 0.003935     (0.225%)
d               = 308.271          +/- 4.675        (1.516%)
p               = 1.551e+07        +/- 5.587e+05    (3.602%)


correlation matrix of the fit parameters:

               b      d      p      
b               1.000 
d               0.865  1.000 
p               0.998  0.880  1.000 


*******************************************************************************
Wed Apr 24 10:16:49 2013


FIT:    data read from 'data.txt' using 1:(log($2))
        format = x:z
        #datapoints = 13709
        residuals are weighted equally (unit weight)

function used for fitting: f(x)
fitted parameters initialized with current variable values



 Iteration 0
 WSSR        : 1.36938e+06       delta(WSSR)/WSSR   : 0
 delta(WSSR) : 0                 limit for stopping : 1e-05
 lambda	  : 4.98971

initial set of free parameter values

b               = 1
d               = 1
p               = 1

After 13 iterations the fit converged.
final sum of squares of residuals : 486.096
rel. change during last iteration : -9.62374e-06

degrees of freedom    (FIT_NDF)                        : 13706
rms of residuals      (FIT_STDFIT) = sqrt(WSSR/ndf)    : 0.188324
variance of residuals (reduced chisquare) = WSSR/ndf   : 0.0354659

Final set of parameters            Asymptotic Standard Error
=======================            ==========================

b               = 1.74908          +/- 0.003935     (0.225%)
d               = 308.271          +/- 4.675        (1.516%)
p               = 1.551e+07        +/- 5.587e+05    (3.602%)


correlation matrix of the fit parameters:

               b      d      p      
b               1.000 
d               0.865  1.000 
p               0.998  0.880  1.000 


*******************************************************************************
Wed Apr 24 10:17:10 2013


FIT:    data read from 'data.txt' using 1:(log($2))
        format = x:z
        #datapoints = 13709
        residuals are weighted equally (unit weight)

function used for fitting: f(x)
fitted parameters initialized with current variable values



 Iteration 0
 WSSR        : 1.36938e+06       delta(WSSR)/WSSR   : 0
 delta(WSSR) : 0                 limit for stopping : 1e-05
 lambda	  : 4.98971

initial set of free parameter values

b               = 1
d               = 1
p               = 1

After 13 iterations the fit converged.
final sum of squares of residuals : 486.096
rel. change during last iteration : -9.62374e-06

degrees of freedom    (FIT_NDF)                        : 13706
rms of residuals      (FIT_STDFIT) = sqrt(WSSR/ndf)    : 0.188324
variance of residuals (reduced chisquare) = WSSR/ndf   : 0.0354659

Final set of parameters            Asymptotic Standard Error
=======================            ==========================

b               = 1.74908          +/- 0.003935     (0.225%)
d               = 308.271          +/- 4.675        (1.516%)
p               = 1.551e+07        +/- 5.587e+05    (3.602%)


correlation matrix of the fit parameters:

               b      d      p      
b               1.000 
d               0.865  1.000 
p               0.998  0.880  1.000 


*******************************************************************************
Wed Apr 24 10:17:34 2013


FIT:    data read from 'data.txt' using 1:(log($2))
        format = x:z
        #datapoints = 13709
        residuals are weighted equally (unit weight)

function used for fitting: f(x)
fitted parameters initialized with current variable values



 Iteration 0
 WSSR        : 1.36938e+06       delta(WSSR)/WSSR   : 0
 delta(WSSR) : 0                 limit for stopping : 1e-05
 lambda	  : 4.98971

initial set of free parameter values

b               = 1
d               = 1
p               = 1

After 13 iterations the fit converged.
final sum of squares of residuals : 486.096
rel. change during last iteration : -9.62374e-06

degrees of freedom    (FIT_NDF)                        : 13706
rms of residuals      (FIT_STDFIT) = sqrt(WSSR/ndf)    : 0.188324
variance of residuals (reduced chisquare) = WSSR/ndf   : 0.0354659

Final set of parameters            Asymptotic Standard Error
=======================            ==========================

b               = 1.74908          +/- 0.003935     (0.225%)
d               = 308.271          +/- 4.675        (1.516%)
p               = 1.551e+07        +/- 5.587e+05    (3.602%)


correlation matrix of the fit parameters:

               b      d      p      
b               1.000 
d               0.865  1.000 
p               0.998  0.880  1.000 


*******************************************************************************
Wed Apr 24 10:17:53 2013


FIT:    data read from 'data.txt' using 1:(log($2))
        format = x:z
        #datapoints = 13709
        residuals are weighted equally (unit weight)

function used for fitting: f(x)
fitted parameters initialized with current variable values



 Iteration 0
 WSSR        : 1.36938e+06       delta(WSSR)/WSSR   : 0
 delta(WSSR) : 0                 limit for stopping : 1e-05
 lambda	  : 4.98971

initial set of free parameter values

b               = 1
d               = 1
p               = 1

After 13 iterations the fit converged.
final sum of squares of residuals : 486.096
rel. change during last iteration : -9.62374e-06

degrees of freedom    (FIT_NDF)                        : 13706
rms of residuals      (FIT_STDFIT) = sqrt(WSSR/ndf)    : 0.188324
variance of residuals (reduced chisquare) = WSSR/ndf   : 0.0354659

Final set of parameters            Asymptotic Standard Error
=======================            ==========================

b               = 1.74908          +/- 0.003935     (0.225%)
d               = 308.271          +/- 4.675        (1.516%)
p               = 1.551e+07        +/- 5.587e+05    (3.602%)


correlation matrix of the fit parameters:

               b      d      p      
b               1.000 
d               0.865  1.000 
p               0.998  0.880  1.000 


*******************************************************************************
Wed Apr 24 10:19:00 2013


FIT:    data read from 'data.txt' using 1:(log($2))
        format = x:z
        #datapoints = 13709
        residuals are weighted equally (unit weight)

function used for fitting: f(x)
fitted parameters initialized with current variable values



 Iteration 0
 WSSR        : 1.36938e+06       delta(WSSR)/WSSR   : 0
 delta(WSSR) : 0                 limit for stopping : 1e-05
 lambda	  : 4.98971

initial set of free parameter values

b               = 1
d               = 1
p               = 1

After 13 iterations the fit converged.
final sum of squares of residuals : 486.096
rel. change during last iteration : -9.62374e-06

degrees of freedom    (FIT_NDF)                        : 13706
rms of residuals      (FIT_STDFIT) = sqrt(WSSR/ndf)    : 0.188324
variance of residuals (reduced chisquare) = WSSR/ndf   : 0.0354659

Final set of parameters            Asymptotic Standard Error
=======================            ==========================

b               = 1.74908          +/- 0.003935     (0.225%)
d               = 308.271          +/- 4.675        (1.516%)
p               = 1.551e+07        +/- 5.587e+05    (3.602%)


correlation matrix of the fit parameters:

               b      d      p      
b               1.000 
d               0.865  1.000 
p               0.998  0.880  1.000 


*******************************************************************************
Wed Apr 24 10:21:25 2013


FIT:    data read from 'data.txt' using 1:(log($2))
        format = x:z
        #datapoints = 13709
        residuals are weighted equally (unit weight)

function used for fitting: f(x)
fitted parameters initialized with current variable values



 Iteration 0
 WSSR        : 1.36938e+06       delta(WSSR)/WSSR   : 0
 delta(WSSR) : 0                 limit for stopping : 1e-05
 lambda	  : 4.98971

initial set of free parameter values

b               = 1
d               = 1
p               = 1

After 13 iterations the fit converged.
final sum of squares of residuals : 486.096
rel. change during last iteration : -9.62374e-06

degrees of freedom    (FIT_NDF)                        : 13706
rms of residuals      (FIT_STDFIT) = sqrt(WSSR/ndf)    : 0.188324
variance of residuals (reduced chisquare) = WSSR/ndf   : 0.0354659

Final set of parameters            Asymptotic Standard Error
=======================            ==========================

b               = 1.74908          +/- 0.003935     (0.225%)
d               = 308.271          +/- 4.675        (1.516%)
p               = 1.551e+07        +/- 5.587e+05    (3.602%)


correlation matrix of the fit parameters:

               b      d      p      
b               1.000 
d               0.865  1.000 
p               0.998  0.880  1.000 


*******************************************************************************
Wed Apr 24 10:21:42 2013


FIT:    data read from 'data.txt' using 1:(log($2))
        format = x:z
        #datapoints = 13709
        residuals are weighted equally (unit weight)

function used for fitting: f(x)
fitted parameters initialized with current variable values



 Iteration 0
 WSSR        : 1.36938e+06       delta(WSSR)/WSSR   : 0
 delta(WSSR) : 0                 limit for stopping : 1e-05
 lambda	  : 4.98971

initial set of free parameter values

b               = 1
d               = 1
p               = 1

After 13 iterations the fit converged.
final sum of squares of residuals : 486.096
rel. change during last iteration : -9.62374e-06

degrees of freedom    (FIT_NDF)                        : 13706
rms of residuals      (FIT_STDFIT) = sqrt(WSSR/ndf)    : 0.188324
variance of residuals (reduced chisquare) = WSSR/ndf   : 0.0354659

Final set of parameters            Asymptotic Standard Error
=======================            ==========================

b               = 1.74908          +/- 0.003935     (0.225%)
d               = 308.271          +/- 4.675        (1.516%)
p               = 1.551e+07        +/- 5.587e+05    (3.602%)


correlation matrix of the fit parameters:

               b      d      p      
b               1.000 
d               0.865  1.000 
p               0.998  0.880  1.000 


*******************************************************************************
Wed Apr 24 10:23:42 2013


FIT:    data read from 'data.txt' using 1:(log($2))
        format = x:z
        #datapoints = 13709
        residuals are weighted equally (unit weight)

function used for fitting: f(x)
fitted parameters initialized with current variable values



 Iteration 0
 WSSR        : 1.36938e+06       delta(WSSR)/WSSR   : 0
 delta(WSSR) : 0                 limit for stopping : 1e-05
 lambda	  : 4.98971

initial set of free parameter values

b               = 1
d               = 1
p               = 1

After 13 iterations the fit converged.
final sum of squares of residuals : 486.096
rel. change during last iteration : -9.62374e-06

degrees of freedom    (FIT_NDF)                        : 13706
rms of residuals      (FIT_STDFIT) = sqrt(WSSR/ndf)    : 0.188324
variance of residuals (reduced chisquare) = WSSR/ndf   : 0.0354659

Final set of parameters            Asymptotic Standard Error
=======================            ==========================

b               = 1.74908          +/- 0.003935     (0.225%)
d               = 308.271          +/- 4.675        (1.516%)
p               = 1.551e+07        +/- 5.587e+05    (3.602%)


correlation matrix of the fit parameters:

               b      d      p      
b               1.000 
d               0.865  1.000 
p               0.998  0.880  1.000 


*******************************************************************************
Wed Apr 24 10:26:25 2013


FIT:    data read from 'data.txt' using 1:(log($2))
        format = x:z
        #datapoints = 13709
        residuals are weighted equally (unit weight)

function used for fitting: f(x)
fitted parameters initialized with current variable values



 Iteration 0
 WSSR        : 1.36938e+06       delta(WSSR)/WSSR   : 0
 delta(WSSR) : 0                 limit for stopping : 1e-05
 lambda	  : 4.98971

initial set of free parameter values

b               = 1
d               = 1
p               = 1

After 13 iterations the fit converged.
final sum of squares of residuals : 486.096
rel. change during last iteration : -9.62374e-06

degrees of freedom    (FIT_NDF)                        : 13706
rms of residuals      (FIT_STDFIT) = sqrt(WSSR/ndf)    : 0.188324
variance of residuals (reduced chisquare) = WSSR/ndf   : 0.0354659

Final set of parameters            Asymptotic Standard Error
=======================            ==========================

b               = 1.74908          +/- 0.003935     (0.225%)
d               = 308.271          +/- 4.675        (1.516%)
p               = 1.551e+07        +/- 5.587e+05    (3.602%)


correlation matrix of the fit parameters:

               b      d      p      
b               1.000 
d               0.865  1.000 
p               0.998  0.880  1.000 


*******************************************************************************
Wed Apr 24 10:26:26 2013


FIT:    data read from 'data.txt' using 1:2
        format = x:z
        #datapoints = 13709
        residuals are weighted equally (unit weight)

function used for fitting: g(x)
fitted parameters initialized with current variable values

BREAK:          Undefined value during function evaluation



*******************************************************************************
Wed Apr 24 10:27:06 2013


FIT:    data read from 'data.txt' using 1:(log($2))
        format = x:z
        #datapoints = 13709
        residuals are weighted equally (unit weight)

function used for fitting: f(x)
fitted parameters initialized with current variable values



 Iteration 0
 WSSR        : 1.36938e+06       delta(WSSR)/WSSR   : 0
 delta(WSSR) : 0                 limit for stopping : 1e-05
 lambda	  : 4.98971

initial set of free parameter values

b               = 1
d               = 1
p               = 1

After 13 iterations the fit converged.
final sum of squares of residuals : 486.096
rel. change during last iteration : -9.62374e-06

degrees of freedom    (FIT_NDF)                        : 13706
rms of residuals      (FIT_STDFIT) = sqrt(WSSR/ndf)    : 0.188324
variance of residuals (reduced chisquare) = WSSR/ndf   : 0.0354659

Final set of parameters            Asymptotic Standard Error
=======================            ==========================

b               = 1.74908          +/- 0.003935     (0.225%)
d               = 308.271          +/- 4.675        (1.516%)
p               = 1.551e+07        +/- 5.587e+05    (3.602%)


correlation matrix of the fit parameters:

               b      d      p      
b               1.000 
d               0.865  1.000 
p               0.998  0.880  1.000 


*******************************************************************************
Wed Apr 24 10:27:07 2013


FIT:    data read from 'data.txt' using 1:2
        format = x:z
        #datapoints = 13709
        residuals are weighted equally (unit weight)

function used for fitting: g(x)
fitted parameters initialized with current variable values

BREAK:          Undefined value during function evaluation



*******************************************************************************
Wed Apr 24 10:28:07 2013


FIT:    data read from 'data.txt' using 1:(log($2))
        format = x:z
        #datapoints = 13709
        residuals are weighted equally (unit weight)

function used for fitting: f(x)
fitted parameters initialized with current variable values



 Iteration 0
 WSSR        : 1.36938e+06       delta(WSSR)/WSSR   : 0
 delta(WSSR) : 0                 limit for stopping : 1e-05
 lambda	  : 4.98971

initial set of free parameter values

b               = 1
d               = 1
p               = 1

After 13 iterations the fit converged.
final sum of squares of residuals : 486.096
rel. change during last iteration : -9.62374e-06

degrees of freedom    (FIT_NDF)                        : 13706
rms of residuals      (FIT_STDFIT) = sqrt(WSSR/ndf)    : 0.188324
variance of residuals (reduced chisquare) = WSSR/ndf   : 0.0354659

Final set of parameters            Asymptotic Standard Error
=======================            ==========================

b               = 1.74908          +/- 0.003935     (0.225%)
d               = 308.271          +/- 4.675        (1.516%)
p               = 1.551e+07        +/- 5.587e+05    (3.602%)


correlation matrix of the fit parameters:

               b      d      p      
b               1.000 
d               0.865  1.000 
p               0.998  0.880  1.000 


*******************************************************************************
Wed Apr 24 10:28:08 2013


FIT:    data read from 'data.txt' using 1:2
        format = x:z
        #datapoints = 13709
        residuals are weighted equally (unit weight)

function used for fitting: g(x)
fitted parameters initialized with current variable values

BREAK:          Undefined value during function evaluation



*******************************************************************************
Wed Apr 24 10:29:00 2013


FIT:    data read from 'data.txt' using 1:(log($2))
        format = x:z
        #datapoints = 13709
        residuals are weighted equally (unit weight)

function used for fitting: f(x)
fitted parameters initialized with current variable values



 Iteration 0
 WSSR        : 1.36938e+06       delta(WSSR)/WSSR   : 0
 delta(WSSR) : 0                 limit for stopping : 1e-05
 lambda	  : 4.98971

initial set of free parameter values

b               = 1
d               = 1
p               = 1

After 13 iterations the fit converged.
final sum of squares of residuals : 486.096
rel. change during last iteration : -9.62374e-06

degrees of freedom    (FIT_NDF)                        : 13706
rms of residuals      (FIT_STDFIT) = sqrt(WSSR/ndf)    : 0.188324
variance of residuals (reduced chisquare) = WSSR/ndf   : 0.0354659

Final set of parameters            Asymptotic Standard Error
=======================            ==========================

b               = 1.74908          +/- 0.003935     (0.225%)
d               = 308.271          +/- 4.675        (1.516%)
p               = 1.551e+07        +/- 5.587e+05    (3.602%)


correlation matrix of the fit parameters:

               b      d      p      
b               1.000 
d               0.865  1.000 
p               0.998  0.880  1.000 


*******************************************************************************
Wed Apr 24 10:29:01 2013


FIT:    data read from 'data.txt' using 1:2
        format = x:z
        #datapoints = 13709
        residuals are weighted equally (unit weight)

function used for fitting: g(x)
fitted parameters initialized with current variable values



 Iteration 0
 WSSR        : 8.59045e+11       delta(WSSR)/WSSR   : 0
 delta(WSSR) : 0                 limit for stopping : 1e-05
 lambda	  : 7914.46

initial set of free parameter values

k               = 1

After 2 iterations the fit converged.
final sum of squares of residuals : 9.99532e+08
rel. change during last iteration : -4.56708e-06

degrees of freedom    (FIT_NDF)                        : 13708
rms of residuals      (FIT_STDFIT) = sqrt(WSSR/ndf)    : 270.03
variance of residuals (reduced chisquare) = WSSR/ndf   : 72916

Final set of parameters            Asymptotic Standard Error
=======================            ==========================

k               = 0.000389093      +/- 0.0002914    (74.89%)


correlation matrix of the fit parameters:

               k      
k               1.000 


*******************************************************************************
Wed Apr 24 10:29:22 2013


FIT:    data read from 'data.txt' using 1:(log($2))
        format = x:z
        #datapoints = 13709
        residuals are weighted equally (unit weight)

function used for fitting: f(x)
fitted parameters initialized with current variable values



 Iteration 0
 WSSR        : 1.36938e+06       delta(WSSR)/WSSR   : 0
 delta(WSSR) : 0                 limit for stopping : 1e-05
 lambda	  : 4.98971

initial set of free parameter values

b               = 1
d               = 1
p               = 1

After 13 iterations the fit converged.
final sum of squares of residuals : 486.096
rel. change during last iteration : -9.62374e-06

degrees of freedom    (FIT_NDF)                        : 13706
rms of residuals      (FIT_STDFIT) = sqrt(WSSR/ndf)    : 0.188324
variance of residuals (reduced chisquare) = WSSR/ndf   : 0.0354659

Final set of parameters            Asymptotic Standard Error
=======================            ==========================

b               = 1.74908          +/- 0.003935     (0.225%)
d               = 308.271          +/- 4.675        (1.516%)
p               = 1.551e+07        +/- 5.587e+05    (3.602%)


correlation matrix of the fit parameters:

               b      d      p      
b               1.000 
d               0.865  1.000 
p               0.998  0.880  1.000 


*******************************************************************************
Wed Apr 24 10:29:23 2013


FIT:    data read from 'data.txt' using 1:2
        format = x:z
        #datapoints = 13709
        residuals are weighted equally (unit weight)

function used for fitting: g(x)
fitted parameters initialized with current variable values



 Iteration 0
 WSSR        : 8.59045e+11       delta(WSSR)/WSSR   : 0
 delta(WSSR) : 0                 limit for stopping : 1e-05
 lambda	  : 7914.46

initial set of free parameter values

k               = 1

After 2 iterations the fit converged.
final sum of squares of residuals : 9.99532e+08
rel. change during last iteration : -4.56708e-06

degrees of freedom    (FIT_NDF)                        : 13708
rms of residuals      (FIT_STDFIT) = sqrt(WSSR/ndf)    : 270.03
variance of residuals (reduced chisquare) = WSSR/ndf   : 72916

Final set of parameters            Asymptotic Standard Error
=======================            ==========================

k               = 0.000389093      +/- 0.0002914    (74.89%)


correlation matrix of the fit parameters:

               k      
k               1.000 


*******************************************************************************
Wed Apr 24 13:56:30 2013


FIT:    data read from 'data.txt' using 1:(log($2))
        format = x:z
        #datapoints = 11490
        residuals are weighted equally (unit weight)

function used for fitting: f(x)
fitted parameters initialized with current variable values



 Iteration 0
 WSSR        : 832420            delta(WSSR)/WSSR   : 0
 delta(WSSR) : 0                 limit for stopping : 1e-05
 lambda	  : 4.88919

initial set of free parameter values

b               = 1
d               = 1
p               = 1

After 23 iterations the fit converged.
final sum of squares of residuals : 612.31
rel. change during last iteration : -1.2766e-06

degrees of freedom    (FIT_NDF)                        : 11487
rms of residuals      (FIT_STDFIT) = sqrt(WSSR/ndf)    : 0.230878
variance of residuals (reduced chisquare) = WSSR/ndf   : 0.0533046

Final set of parameters            Asymptotic Standard Error
=======================            ==========================

b               = 0.345099         +/- 0.002117     (0.6135%)
d               = -9.99326         +/- 0.009227     (0.09233%)
p               = 20.3371          +/- 0.3621       (1.78%)


correlation matrix of the fit parameters:

               b      d      p      
b               1.000 
d               0.124  1.000 
p               0.993  0.124  1.000 


*******************************************************************************
Wed Apr 24 13:56:33 2013


FIT:    data read from 'data.txt' using 1:2
        format = x:z
        #datapoints = 11490
        residuals are weighted equally (unit weight)

function used for fitting: g(x)
fitted parameters initialized with current variable values



 Iteration 0
 WSSR        : 5.05438e+11       delta(WSSR)/WSSR   : 0
 delta(WSSR) : 0                 limit for stopping : 1e-05
 lambda	  : 6633.32

initial set of free parameter values

k               = 1

After 3 iterations the fit converged.
final sum of squares of residuals : 1.73075e+06
rel. change during last iteration : 0

degrees of freedom    (FIT_NDF)                        : 11489
rms of residuals      (FIT_STDFIT) = sqrt(WSSR/ndf)    : 12.2737
variance of residuals (reduced chisquare) = WSSR/ndf   : 150.644

Final set of parameters            Asymptotic Standard Error
=======================            ==========================

k               = 0.000133521      +/- 1.726e-05    (12.93%)


correlation matrix of the fit parameters:

               k      
k               1.000 


*******************************************************************************
Wed Apr 24 14:09:00 2013


FIT:    data read from 'data.txt' using 1:(log($2))
        format = x:z
        #datapoints = 11490
        residuals are weighted equally (unit weight)

function used for fitting: f(x)
fitted parameters initialized with current variable values



 Iteration 0
 WSSR        : 832420            delta(WSSR)/WSSR   : 0
 delta(WSSR) : 0                 limit for stopping : 1e-05
 lambda	  : 4.88919

initial set of free parameter values

b               = 1
d               = 1
p               = 1

After 23 iterations the fit converged.
final sum of squares of residuals : 612.31
rel. change during last iteration : -1.2766e-06

degrees of freedom    (FIT_NDF)                        : 11487
rms of residuals      (FIT_STDFIT) = sqrt(WSSR/ndf)    : 0.230878
variance of residuals (reduced chisquare) = WSSR/ndf   : 0.0533046

Final set of parameters            Asymptotic Standard Error
=======================            ==========================

b               = 0.345099         +/- 0.002117     (0.6135%)
d               = -9.99326         +/- 0.009227     (0.09233%)
p               = 20.3371          +/- 0.3621       (1.78%)


correlation matrix of the fit parameters:

               b      d      p      
b               1.000 
d               0.124  1.000 
p               0.993  0.124  1.000 


*******************************************************************************
Wed Apr 24 14:09:03 2013


FIT:    data read from 'data.txt' using 1:2
        format = x:z
        #datapoints = 11490
        residuals are weighted equally (unit weight)

function used for fitting: g(x)
fitted parameters initialized with current variable values



 Iteration 0
 WSSR        : 5.05438e+11       delta(WSSR)/WSSR   : 0
 delta(WSSR) : 0                 limit for stopping : 1e-05
 lambda	  : 6633.32

initial set of free parameter values

k               = 1

After 3 iterations the fit converged.
final sum of squares of residuals : 1.73075e+06
rel. change during last iteration : 0

degrees of freedom    (FIT_NDF)                        : 11489
rms of residuals      (FIT_STDFIT) = sqrt(WSSR/ndf)    : 12.2737
variance of residuals (reduced chisquare) = WSSR/ndf   : 150.644

Final set of parameters            Asymptotic Standard Error
=======================            ==========================

k               = 0.000133521      +/- 1.726e-05    (12.93%)


correlation matrix of the fit parameters:

               k      
k               1.000 


*******************************************************************************
Wed Apr 24 14:10:25 2013


FIT:    data read from 'data.txt' using 1:(log($2))
        format = x:z
        #datapoints = 13709
        residuals are weighted equally (unit weight)

function used for fitting: f(x)
fitted parameters initialized with current variable values



 Iteration 0
 WSSR        : 1.36938e+06       delta(WSSR)/WSSR   : 0
 delta(WSSR) : 0                 limit for stopping : 1e-05
 lambda	  : 4.98971

initial set of free parameter values

b               = 1
d               = 1
p               = 1

After 13 iterations the fit converged.
final sum of squares of residuals : 486.096
rel. change during last iteration : -9.62374e-06

degrees of freedom    (FIT_NDF)                        : 13706
rms of residuals      (FIT_STDFIT) = sqrt(WSSR/ndf)    : 0.188324
variance of residuals (reduced chisquare) = WSSR/ndf   : 0.0354659

Final set of parameters            Asymptotic Standard Error
=======================            ==========================

b               = 1.74908          +/- 0.003935     (0.225%)
d               = 308.271          +/- 4.675        (1.516%)
p               = 1.551e+07        +/- 5.587e+05    (3.602%)


correlation matrix of the fit parameters:

               b      d      p      
b               1.000 
d               0.865  1.000 
p               0.998  0.880  1.000 


*******************************************************************************
Wed Apr 24 14:10:26 2013


FIT:    data read from 'data.txt' using 1:2
        format = x:z
        #datapoints = 13709
        residuals are weighted equally (unit weight)

function used for fitting: g(x)
fitted parameters initialized with current variable values



 Iteration 0
 WSSR        : 8.59045e+11       delta(WSSR)/WSSR   : 0
 delta(WSSR) : 0                 limit for stopping : 1e-05
 lambda	  : 7914.46

initial set of free parameter values

k               = 1

After 2 iterations the fit converged.
final sum of squares of residuals : 9.99532e+08
rel. change during last iteration : -4.56708e-06

degrees of freedom    (FIT_NDF)                        : 13708
rms of residuals      (FIT_STDFIT) = sqrt(WSSR/ndf)    : 270.03
variance of residuals (reduced chisquare) = WSSR/ndf   : 72916

Final set of parameters            Asymptotic Standard Error
=======================            ==========================

k               = 0.000389093      +/- 0.0002914    (74.89%)


correlation matrix of the fit parameters:

               k      
k               1.000 


*******************************************************************************
Wed Apr 24 14:13:10 2013


FIT:    data read from 'data.txt' using 1:(log($2))
        format = x:z
        #datapoints = 11589
        residuals are weighted equally (unit weight)

function used for fitting: f(x)
fitted parameters initialized with current variable values



 Iteration 0
 WSSR        : 840630            delta(WSSR)/WSSR   : 0
 delta(WSSR) : 0                 limit for stopping : 1e-05
 lambda	  : 4.89407

initial set of free parameter values

b               = 1
d               = 1
p               = 1

After 7 iterations the fit converged.
final sum of squares of residuals : 625.18
rel. change during last iteration : 0

degrees of freedom    (FIT_NDF)                        : 11586
rms of residuals      (FIT_STDFIT) = sqrt(WSSR/ndf)    : 0.232293
variance of residuals (reduced chisquare) = WSSR/ndf   : 0.05396

Final set of parameters            Asymptotic Standard Error
=======================            ==========================

b               = 0.338371         +/- 0.002126     (0.6284%)
d               = -7.99715         +/- 0.009338     (0.1168%)
p               = 19.213           +/- 0.3439       (1.79%)


correlation matrix of the fit parameters:

               b      d      p      
b               1.000 
d              -0.127  1.000 
p               0.993 -0.127  1.000 


*******************************************************************************
Wed Apr 24 14:13:12 2013


FIT:    data read from 'data.txt' using 1:2
        format = x:z
        #datapoints = 11589
        residuals are weighted equally (unit weight)

function used for fitting: g(x)
fitted parameters initialized with current variable values



 Iteration 0
 WSSR        : 5.18617e+11       delta(WSSR)/WSSR   : 0
 delta(WSSR) : 0                 limit for stopping : 1e-05
 lambda	  : 6690.48

initial set of free parameter values

k               = 1

After 3 iterations the fit converged.
final sum of squares of residuals : 1.62184e+06
rel. change during last iteration : -3.15832e-15

degrees of freedom    (FIT_NDF)                        : 11588
rms of residuals      (FIT_STDFIT) = sqrt(WSSR/ndf)    : 11.8304
variance of residuals (reduced chisquare) = WSSR/ndf   : 139.958

Final set of parameters            Asymptotic Standard Error
=======================            ==========================

k               = 0.000132236      +/- 1.643e-05    (12.42%)


correlation matrix of the fit parameters:

               k      
k               1.000 


*******************************************************************************
Wed Apr 24 14:14:22 2013


FIT:    data read from 'data.txt' using 1:(log($2))
        format = x:z
        #datapoints = 11611
        residuals are weighted equally (unit weight)

function used for fitting: f(x)
fitted parameters initialized with current variable values



 Iteration 0
 WSSR        : 842194            delta(WSSR)/WSSR   : 0
 delta(WSSR) : 0                 limit for stopping : 1e-05
 lambda	  : 4.89515

initial set of free parameter values

b               = 1
d               = 1
p               = 1

After 28 iterations the fit converged.
final sum of squares of residuals : 622.679
rel. change during last iteration : -3.34214e-06

degrees of freedom    (FIT_NDF)                        : 11608
rms of residuals      (FIT_STDFIT) = sqrt(WSSR/ndf)    : 0.231608
variance of residuals (reduced chisquare) = WSSR/ndf   : 0.0536423

Final set of parameters            Asymptotic Standard Error
=======================            ==========================

b               = 0.336056         +/- 0.002122     (0.6314%)
d               = -7.00075         +/- 0.002084     (0.02976%)
p               = 18.8211          +/- 0.3363       (1.787%)


correlation matrix of the fit parameters:

               b      d      p      
b               1.000 
d              -0.141  1.000 
p               0.993 -0.141  1.000 


*******************************************************************************
Wed Apr 24 14:14:26 2013


FIT:    data read from 'data.txt' using 1:2
        format = x:z
        #datapoints = 11611
        residuals are weighted equally (unit weight)

function used for fitting: g(x)
fitted parameters initialized with current variable values



 Iteration 0
 WSSR        : 5.21577e+11       delta(WSSR)/WSSR   : 0
 delta(WSSR) : 0                 limit for stopping : 1e-05
 lambda	  : 6703.18

initial set of free parameter values

k               = 1

After 3 iterations the fit converged.
final sum of squares of residuals : 1.71427e+06
rel. change during last iteration : -1.49401e-15

degrees of freedom    (FIT_NDF)                        : 11610
rms of residuals      (FIT_STDFIT) = sqrt(WSSR/ndf)    : 12.1513
variance of residuals (reduced chisquare) = WSSR/ndf   : 147.655

Final set of parameters            Asymptotic Standard Error
=======================            ==========================

k               = 0.000131885      +/- 1.682e-05    (12.76%)


correlation matrix of the fit parameters:

               k      
k               1.000 


*******************************************************************************
Sat May  4 16:34:27 2013


FIT:    data read from 'data.txt' using 1:(log($2))
        format = x:z
        #datapoints = 11611
        residuals are weighted equally (unit weight)

function used for fitting: f(x)
fitted parameters initialized with current variable values



 Iteration 0
 WSSR        : 842194            delta(WSSR)/WSSR   : 0
 delta(WSSR) : 0                 limit for stopping : 1e-05
 lambda	  : 4.89515

initial set of free parameter values

b               = 1
d               = 1
p               = 1

After 28 iterations the fit converged.
final sum of squares of residuals : 622.679
rel. change during last iteration : -3.34214e-06

degrees of freedom    (FIT_NDF)                        : 11608
rms of residuals      (FIT_STDFIT) = sqrt(WSSR/ndf)    : 0.231608
variance of residuals (reduced chisquare) = WSSR/ndf   : 0.0536423

Final set of parameters            Asymptotic Standard Error
=======================            ==========================

b               = 0.336056         +/- 0.002122     (0.6314%)
d               = -7.00075         +/- 0.002084     (0.02976%)
p               = 18.8211          +/- 0.3363       (1.787%)


correlation matrix of the fit parameters:

               b      d      p      
b               1.000 
d              -0.141  1.000 
p               0.993 -0.141  1.000 


*******************************************************************************
Sat May  4 16:34:31 2013


FIT:    data read from 'data.txt' using 1:2
        format = x:z
        #datapoints = 11611
        residuals are weighted equally (unit weight)

function used for fitting: g(x)
fitted parameters initialized with current variable values



 Iteration 0
 WSSR        : 5.21577e+11       delta(WSSR)/WSSR   : 0
 delta(WSSR) : 0                 limit for stopping : 1e-05
 lambda	  : 6703.18

initial set of free parameter values

k               = 1

After 3 iterations the fit converged.
final sum of squares of residuals : 1.71427e+06
rel. change during last iteration : -1.49401e-15

degrees of freedom    (FIT_NDF)                        : 11610
rms of residuals      (FIT_STDFIT) = sqrt(WSSR/ndf)    : 12.1513
variance of residuals (reduced chisquare) = WSSR/ndf   : 147.655

Final set of parameters            Asymptotic Standard Error
=======================            ==========================

k               = 0.000131885      +/- 1.682e-05    (12.76%)


correlation matrix of the fit parameters:

               k      
k               1.000 
